SF:lib\stubble\StubbleContext.dart
DA:5,1
DA:6,1
DA:7,1
DA:10,1
DA:11,1
DA:13,2
DA:16,1
DA:17,2
DA:18,2
DA:21,3
DA:24,1
DA:25,1
DA:29,1
DA:31,4
DA:32,2
DA:34,2
DA:35,1
DA:36,2
DA:38,1
DA:39,1
DA:45,1
DA:52,1
DA:53,1
DA:56,1
DA:57,1
LF:25
LH:25
end_of_record
SF:lib\stubble\Stubble.dart
DA:7,1
DA:8,2
DA:12,1
DA:13,1
DA:14,1
DA:17,1
DA:19,1
DA:20,2
DA:22,1
DA:29,1
DA:31,1
DA:32,1
DA:34,1
DA:40,1
DA:41,1
DA:46,1
DA:49,2
DA:50,2
DA:58,1
DA:59,2
DA:60,2
DA:68,1
DA:69,2
DA:74,1
DA:75,3
LF:25
LH:25
end_of_record
SF:lib\stubble\Stubble.dart
DA:7,1
DA:8,2
DA:12,1
DA:13,1
DA:14,0
DA:17,1
DA:19,1
DA:20,2
DA:22,1
DA:29,1
DA:31,1
DA:32,0
DA:34,1
DA:40,1
DA:41,0
DA:46,0
DA:49,2
DA:50,2
DA:58,0
DA:59,0
DA:60,0
DA:68,0
DA:69,0
DA:74,0
DA:75,0
LF:25
LH:14
end_of_record
SF:lib\stubble\StubbleMachine.dart
DA:15,1
DA:16,1
DA:19,1
DA:20,2
DA:21,3
DA:22,1
DA:24,3
DA:25,2
DA:27,3
DA:28,1
DA:29,1
DA:31,3
DA:33,1
DA:34,1
DA:38,2
DA:41,3
DA:42,2
DA:46,3
DA:47,0
DA:52,1
DA:55,1
DA:56,2
DA:58,1
DA:59,1
DA:62,1
DA:67,1
DA:68,1
DA:69,3
DA:72,2
DA:73,1
DA:76,1
DA:77,3
DA:80,1
DA:81,2
DA:84,1
DA:85,7
DA:87,1
DA:89,1
DA:93,1
DA:94,2
DA:97,1
DA:98,2
LF:42
LH:41
end_of_record
SF:lib\stubble\States\RootState.dart
DA:20,1
DA:21,2
DA:22,2
DA:23,2
DA:27,1
DA:28,1
DA:29,1
DA:31,1
DA:32,1
DA:34,2
DA:37,1
DA:38,1
DA:40,1
DA:41,2
DA:44,2
DA:52,1
DA:53,1
DA:55,1
DA:56,1
DA:57,2
DA:59,1
DA:60,2
DA:61,2
DA:63,1
DA:64,2
DA:65,2
DA:67,1
DA:68,2
DA:69,3
LF:29
LH:29
end_of_record
SF:lib\stubble\StubbleMessages.dart
DA:8,1
DA:10,1
DA:17,1
DA:20,1
DA:30,1
DA:33,1
LF:6
LH:6
end_of_record
SF:lib\stubble\StubbleResult.dart
DA:12,1
LF:1
LH:1
end_of_record
SF:lib\stubble\StubbleState.dart
DA:8,1
DA:10,1
DA:12,2
DA:20,1
DA:22,1
DA:24,2
DA:25,3
LF:7
LH:7
end_of_record
SF:lib\stubble\StubbleError.dart
DA:5,1
LF:1
LH:1
end_of_record
SF:lib\stubble\States\GetBlockHelperState.dart
DA:22,1
DA:23,2
DA:24,2
DA:25,2
DA:29,1
DA:30,1
DA:32,1
DA:33,2
DA:34,1
DA:38,1
DA:39,1
DA:40,1
DA:43,1
DA:44,1
DA:45,1
DA:46,3
DA:47,1
DA:48,3
DA:50,1
DA:51,3
DA:55,1
DA:56,2
DA:57,1
DA:66,1
DA:67,1
DA:70,2
DA:71,3
DA:74,2
DA:76,6
DA:77,1
DA:79,0
LF:31
LH:30
end_of_record
SF:lib\stubble\States\GetBlockSequenceTypeState.dart
DA:15,1
DA:16,2
DA:17,2
DA:18,0
DA:19,2
DA:23,1
DA:24,2
DA:27,0
DA:28,0
DA:31,1
DA:32,2
DA:33,1
DA:35,1
DA:36,0
DA:37,0
DA:41,1
DA:42,2
DA:45,1
DA:46,2
DA:49,1
DA:50,2
DA:53,1
DA:54,2
DA:58,2
DA:66,0
DA:67,0
DA:70,0
LF:27
LH:19
end_of_record
SF:lib\stubble\States\GetDataState.dart
DA:15,1
DA:16,2
DA:17,2
DA:18,2
DA:19,2
DA:23,1
DA:24,1
DA:26,2
DA:29,1
DA:30,1
DA:33,1
DA:35,1
DA:36,2
DA:39,1
DA:40,1
DA:42,2
DA:47,1
DA:48,1
DA:49,1
DA:50,2
DA:52,3
DA:53,1
DA:54,2
DA:62,1
DA:66,2
DA:69,1
LF:26
LH:26
end_of_record
SF:lib\stubble\States\GetEachBlockState.dart
DA:18,1
DA:19,2
DA:20,2
DA:21,2
DA:25,1
DA:26,1
DA:28,1
DA:29,2
DA:30,1
DA:34,1
DA:35,2
DA:38,1
DA:39,1
DA:40,1
DA:41,2
DA:42,3
DA:44,1
DA:45,2
DA:47,1
DA:48,2
DA:49,1
DA:52,0
DA:53,0
DA:56,0
DA:60,1
DA:61,1
DA:63,2
DA:64,2
DA:68,2
DA:71,2
DA:72,2
DA:73,2
DA:77,1
DA:78,2
DA:79,2
DA:82,0
DA:83,0
DA:87,1
DA:92,2
DA:97,2
DA:98,2
DA:102,0
DA:103,0
LF:43
LH:36
end_of_record
SF:lib\stubble\States\GetHelperState.dart
DA:17,1
DA:18,2
DA:19,2
DA:20,2
DA:21,2
DA:25,1
DA:26,1
DA:27,2
DA:29,2
DA:32,1
DA:33,1
DA:35,1
DA:36,2
DA:37,1
DA:41,1
DA:42,1
DA:43,1
DA:46,1
DA:47,1
DA:48,1
DA:49,2
DA:51,2
DA:53,3
DA:54,1
DA:55,1
DA:56,1
DA:57,3
DA:59,1
DA:60,3
DA:71,1
DA:72,1
DA:75,2
DA:76,3
DA:79,4
DA:80,1
DA:82,2
DA:83,3
LF:37
LH:37
end_of_record
SF:lib\stubble\States\GetIfBlockState.dart
DA:18,1
DA:19,2
DA:20,2
DA:21,2
DA:25,1
DA:26,1
DA:28,1
DA:30,1
DA:31,2
DA:34,1
DA:35,1
DA:36,1
DA:40,1
DA:41,1
DA:42,1
DA:43,2
DA:45,1
DA:46,3
DA:50,1
DA:51,2
DA:53,1
DA:54,2
DA:55,1
DA:58,0
DA:59,0
DA:62,0
DA:66,1
DA:69,2
DA:71,2
DA:72,2
DA:73,2
DA:75,0
DA:76,0
DA:77,0
DA:81,1
LF:35
LH:29
end_of_record
SF:lib\stubble\States\GetSequenceState.dart
DA:11,1
DA:12,2
DA:13,2
DA:17,1
DA:18,1
DA:20,1
DA:22,1
DA:23,1
DA:24,2
DA:28,1
DA:29,1
DA:30,2
DA:34,2
DA:35,2
DA:36,1
DA:37,2
DA:40,1
DA:42,2
DA:44,2
LF:19
LH:19
end_of_record
SF:lib\stubble\States\GetWithBlockState.dart
DA:18,1
DA:19,2
DA:20,2
DA:21,2
DA:25,1
DA:26,1
DA:28,1
DA:29,2
DA:30,1
DA:34,1
DA:35,2
DA:38,1
DA:39,1
DA:40,1
DA:41,2
DA:42,3
DA:44,1
DA:45,2
DA:47,1
DA:48,2
DA:49,1
DA:52,0
DA:53,0
DA:56,0
DA:60,1
DA:61,1
DA:63,3
DA:64,2
DA:68,2
DA:71,1
DA:72,2
DA:73,2
DA:75,1
DA:76,1
DA:80,2
DA:85,2
DA:86,2
DA:90,0
DA:91,0
LF:39
LH:34
end_of_record
SF:lib\stubble\States\OpenBracketState.dart
DA:11,1
DA:12,2
DA:13,2
DA:17,1
DA:18,1
DA:19,1
DA:22,1
DA:23,1
DA:24,2
DA:31,2
LF:10
LH:10
end_of_record
SF:lib\stubble\States\CloseBracketState.dart
DA:11,1
DA:12,2
DA:13,2
DA:17,1
DA:18,1
DA:20,1
DA:23,1
DA:24,1
DA:25,2
DA:28,2
LF:10
LH:10
end_of_record
SF:lib\stubble\States\GetBlockEndState.dart
DA:19,1
DA:20,2
DA:21,2
DA:25,1
DA:26,1
DA:28,1
DA:29,5
DA:30,3
DA:32,7
DA:33,1
DA:34,3
DA:36,2
DA:40,5
DA:41,3
DA:42,1
DA:44,1
DA:47,1
DA:50,0
DA:51,0
DA:55,2
DA:56,1
DA:57,3
DA:58,1
DA:60,1
DA:61,1
DA:62,1
DA:64,3
DA:65,1
DA:66,0
DA:68,1
DA:69,3
LF:31
LH:28
end_of_record
SF:lib\stubble\States\GetPathState.dart
DA:14,1
DA:15,2
DA:16,2
DA:20,1
DA:21,1
DA:23,1
DA:25,1
DA:26,2
DA:27,1
DA:28,1
DA:33,3
DA:34,2
DA:35,2
DA:36,1
DA:37,1
DA:42,3
DA:43,2
DA:44,2
DA:45,1
DA:46,3
DA:47,2
DA:48,2
DA:49,1
DA:50,1
DA:54,1
DA:56,1
DA:57,1
DA:59,1
DA:60,1
DA:63,2
DA:66,1
LF:31
LH:31
end_of_record
SF:lib\stubble\States\GetIfConditionState.dart
DA:19,1
DA:20,2
DA:21,2
DA:22,2
DA:26,1
DA:27,1
DA:29,1
DA:30,1
DA:31,1
DA:34,1
DA:37,1
DA:38,1
DA:39,1
DA:40,1
DA:41,1
DA:44,1
DA:45,1
DA:46,1
DA:47,1
DA:51,1
DA:52,1
DA:53,1
DA:54,1
DA:63,1
DA:64,1
DA:65,1
DA:66,2
DA:67,2
DA:68,2
DA:69,2
DA:70,2
DA:72,1
DA:74,1
DA:75,1
DA:77,1
DA:81,0
DA:82,0
DA:87,1
DA:88,3
DA:93,1
DA:94,2
DA:95,2
DA:97,1
DA:98,3
DA:104,0
DA:105,0
DA:108,0
DA:112,1
DA:113,1
DA:114,1
DA:115,3
DA:116,1
DA:117,3
DA:118,1
DA:119,3
DA:120,1
DA:121,3
DA:122,1
DA:123,3
DA:124,1
DA:125,3
LF:61
LH:56
end_of_record
SF:lib\stubble\States\GetAttributeState.dart
DA:13,1
DA:14,4
DA:17,1
DA:18,1
DA:20,2
DA:21,1
DA:23,1
DA:25,2
DA:26,1
DA:28,1
DA:29,1
DA:30,2
DA:31,2
DA:32,1
DA:33,1
DA:35,2
DA:36,1
DA:39,1
DA:40,1
DA:43,2
LF:20
LH:20
end_of_record
SF:lib\stubble\States\GetConditionState.dart
DA:14,1
DA:15,4
DA:18,1
DA:19,1
DA:21,1
DA:22,1
DA:23,1
DA:24,1
DA:25,3
DA:27,2
DA:28,2
DA:29,0
DA:30,0
DA:33,7
DA:34,1
DA:35,1
DA:37,2
DA:40,1
DA:42,1
DA:44,1
DA:49,1
DA:50,1
DA:53,2
LF:23
LH:21
end_of_record
SF:lib\stubble\States\GetNumberAttribute.dart
DA:13,1
DA:14,2
DA:15,2
DA:19,1
DA:20,1
DA:22,1
DA:24,2
DA:25,1
DA:27,1
DA:30,2
DA:31,1
DA:32,4
DA:33,1
DA:34,1
DA:39,3
DA:40,2
DA:41,3
DA:43,1
DA:44,1
LF:19
LH:19
end_of_record
SF:lib\stubble\States\GetPathAttribute.dart
DA:9,1
DA:10,2
DA:11,2
DA:12,2
DA:16,1
DA:17,1
DA:19,1
DA:20,1
DA:24,1
DA:25,1
DA:26,1
DA:27,1
DA:29,1
DA:30,1
DA:32,2
LF:15
LH:15
end_of_record
SF:lib\stubble\States\GetStringAttribute.dart
DA:15,1
DA:16,2
DA:17,2
DA:21,1
DA:22,1
DA:24,3
DA:25,1
DA:27,1
DA:28,1
DA:29,1
DA:30,0
DA:32,3
LF:12
LH:11
end_of_record
SF:lib\stubble\States\GetBlockNameState.dart
DA:13,1
DA:14,2
DA:15,2
DA:19,1
DA:20,1
DA:22,1
DA:24,2
DA:25,2
DA:26,1
DA:27,1
DA:32,0
DA:33,2
DA:34,2
DA:35,1
DA:36,3
DA:37,2
DA:38,2
DA:39,1
DA:40,1
DA:45,1
DA:47,1
DA:48,1
DA:50,1
DA:51,1
DA:54,2
LF:25
LH:24
end_of_record
