SF:lib\src\stubble_state.dart
DA:10,1
DA:11,1
DA:13,2
DA:21,1
DA:22,1
DA:24,2
DA:25,3
LF:7
LH:7
end_of_record
SF:lib\src\stubble_messages.dart
DA:12,1
DA:14,1
DA:21,1
DA:24,1
DA:34,1
DA:37,1
LF:6
LH:6
end_of_record
SF:lib\src\states\get_attribute_state.dart
DA:4,1
DA:5,4
DA:8,1
DA:9,1
DA:11,2
DA:12,1
DA:14,1
DA:16,2
DA:17,1
DA:19,1
DA:20,1
DA:21,2
DA:22,2
DA:23,1
DA:24,1
DA:26,2
DA:27,1
DA:30,1
DA:31,1
DA:34,2
LF:20
LH:20
end_of_record
SF:lib\src\states\get_block_sequence_type_state.dart
DA:4,1
DA:5,2
DA:6,2
DA:7,0
DA:8,2
DA:12,1
DA:13,2
DA:16,0
DA:17,0
DA:19,0
DA:23,1
DA:24,2
DA:25,1
DA:27,1
DA:28,0
DA:29,0
DA:33,1
DA:35,2
DA:39,1
DA:40,1
DA:41,3
DA:44,1
DA:45,1
DA:46,3
DA:49,1
DA:50,1
DA:51,3
DA:55,2
DA:56,2
DA:64,0
DA:65,0
DA:68,0
LF:32
LH:23
end_of_record
SF:lib\src\states\get_path_attribute.dart
DA:4,1
DA:5,2
DA:6,2
DA:7,2
DA:11,1
DA:12,1
DA:14,1
DA:15,1
DA:19,1
DA:20,1
DA:21,1
DA:22,1
DA:24,1
DA:25,1
DA:27,2
LF:15
LH:15
end_of_record
SF:lib\src\states\close_bracket_state.dart
DA:4,1
DA:5,2
DA:6,2
DA:10,1
DA:11,1
DA:13,1
DA:16,1
DA:17,1
DA:18,2
DA:21,2
LF:10
LH:10
end_of_record
SF:lib\src\states\get_condition_state.dart
DA:6,1
DA:7,4
DA:10,1
DA:11,1
DA:13,1
DA:14,1
DA:15,1
DA:19,1
DA:20,1
DA:21,1
DA:22,1
DA:23,3
DA:25,2
DA:26,2
DA:27,0
DA:28,0
DA:31,6
DA:32,1
DA:33,1
DA:35,2
DA:38,1
DA:40,1
DA:42,1
DA:47,1
DA:48,1
DA:51,2
LF:26
LH:24
end_of_record
SF:lib\stubble.dart
DA:40,1
DA:45,0
DA:49,2
DA:54,1
DA:55,1
DA:56,1
DA:59,1
DA:61,1
DA:62,1
DA:64,1
DA:65,1
DA:66,2
DA:69,1
DA:76,1
DA:77,1
DA:78,1
DA:80,1
DA:86,1
DA:87,1
DA:91,2
DA:92,2
DA:100,1
DA:101,2
DA:102,2
DA:110,1
DA:111,2
DA:116,1
DA:117,2
DA:120,1
DA:121,2
LF:30
LH:29
end_of_record
SF:lib\src\states\get_path_state.dart
DA:7,1
DA:8,2
DA:9,2
DA:13,1
DA:14,1
DA:16,1
DA:18,1
DA:19,1
DA:20,1
DA:21,1
DA:22,2
DA:23,1
DA:24,1
DA:29,4
DA:30,2
DA:31,2
DA:32,1
DA:33,1
DA:38,4
DA:39,2
DA:40,2
DA:41,1
DA:42,4
DA:43,2
DA:44,2
DA:45,1
DA:46,1
DA:50,1
DA:52,1
DA:53,1
DA:55,1
DA:56,1
DA:59,2
DA:62,1
LF:34
LH:34
end_of_record
SF:lib\src\states\get_each_block_state.dart
DA:10,1
DA:11,2
DA:12,2
DA:13,2
DA:17,1
DA:18,1
DA:20,1
DA:21,1
DA:22,1
DA:24,3
DA:27,1
DA:28,1
DA:29,1
DA:31,1
DA:35,1
DA:36,1
DA:37,1
DA:43,1
DA:44,1
DA:45,1
DA:46,2
DA:48,1
DA:49,1
DA:50,1
DA:54,1
DA:55,1
DA:56,1
DA:61,1
DA:62,2
DA:63,1
DA:66,0
DA:67,0
DA:70,0
DA:76,1
DA:77,1
DA:79,2
DA:80,2
DA:85,2
DA:88,2
DA:89,2
DA:94,1
DA:95,2
DA:96,2
DA:99,0
DA:100,0
DA:105,1
DA:110,2
DA:116,2
DA:117,2
DA:122,2
DA:123,1
LF:51
LH:46
end_of_record
SF:lib\src\states\get_block_name_state.dart
DA:6,1
DA:7,2
DA:8,2
DA:12,1
DA:13,1
DA:15,1
DA:17,1
DA:18,1
DA:19,1
DA:22,2
DA:23,2
DA:24,1
DA:25,1
DA:30,4
DA:31,2
DA:32,2
DA:33,1
DA:34,4
DA:35,2
DA:36,2
DA:37,1
DA:38,1
DA:45,1
DA:47,1
DA:48,1
DA:50,1
DA:51,1
DA:54,2
LF:28
LH:28
end_of_record
SF:lib\src\stubble_context.dart
DA:11,1
DA:17,1
DA:18,1
DA:19,1
DA:20,1
DA:24,1
DA:25,1
DA:27,2
DA:31,1
DA:32,1
DA:33,1
DA:36,3
DA:37,2
DA:40,2
DA:44,1
DA:45,1
DA:46,1
DA:53,1
DA:54,1
DA:58,1
DA:60,4
DA:61,2
DA:63,2
DA:64,1
DA:65,2
DA:67,1
DA:68,1
DA:74,1
DA:82,1
DA:83,3
DA:84,2
DA:91,1
DA:92,1
DA:96,1
DA:97,1
LF:35
LH:35
end_of_record
SF:lib\src\states\get_block_end_state.dart
DA:12,1
DA:13,2
DA:14,2
DA:18,1
DA:19,1
DA:21,1
DA:22,1
DA:23,1
DA:26,1
DA:27,3
DA:29,1
DA:30,1
DA:32,1
DA:34,1
DA:35,1
DA:36,1
DA:39,5
DA:40,1
DA:41,3
DA:43,2
DA:46,3
DA:47,1
DA:49,1
DA:52,1
DA:56,2
DA:57,1
DA:58,3
DA:59,1
DA:61,1
DA:62,1
DA:63,1
DA:65,3
DA:66,2
DA:67,1
DA:69,1
DA:70,3
LF:36
LH:36
end_of_record
SF:lib\src\states\get_block_helper_state.dart
DA:11,1
DA:16,2
DA:17,2
DA:18,2
DA:22,1
DA:23,1
DA:25,1
DA:26,1
DA:27,1
DA:29,4
DA:30,1
DA:31,2
DA:32,1
DA:36,1
DA:37,1
DA:38,1
DA:41,1
DA:42,1
DA:43,1
DA:44,1
DA:45,1
DA:46,1
DA:50,1
DA:51,3
DA:53,1
DA:54,1
DA:55,1
DA:56,1
DA:63,1
DA:64,2
DA:66,1
DA:75,1
DA:76,2
DA:77,1
DA:78,1
DA:80,2
DA:85,1
DA:88,2
DA:89,3
DA:92,6
DA:93,1
DA:95,2
DA:96,3
LF:43
LH:43
end_of_record
SF:lib\src\states\get_string_attribute.dart
DA:8,1
DA:9,2
DA:10,2
DA:14,1
DA:15,1
DA:17,1
DA:18,1
DA:19,3
DA:21,2
DA:22,1
DA:23,1
DA:26,2
DA:29,1
DA:30,1
DA:31,2
DA:32,1
DA:34,1
DA:36,1
DA:41,3
LF:19
LH:19
end_of_record
SF:lib\src\states\get_sequence_state.dart
DA:4,1
DA:5,2
DA:6,2
DA:10,1
DA:11,1
DA:13,1
DA:15,1
DA:16,1
DA:17,2
DA:21,1
DA:22,1
DA:23,2
DA:27,2
DA:28,2
DA:29,1
DA:30,2
DA:33,1
DA:35,2
DA:37,2
LF:19
LH:19
end_of_record
SF:lib\src\states\get_with_block_state.dart
DA:10,1
DA:11,2
DA:12,2
DA:13,2
DA:17,1
DA:18,1
DA:20,1
DA:21,1
DA:22,1
DA:24,3
DA:27,1
DA:28,1
DA:29,1
DA:31,1
DA:35,1
DA:36,1
DA:37,1
DA:43,1
DA:44,1
DA:45,1
DA:46,2
DA:47,1
DA:48,1
DA:49,1
DA:53,1
DA:54,1
DA:55,1
DA:60,1
DA:61,2
DA:62,1
DA:68,1
DA:69,1
DA:71,2
DA:72,2
DA:78,2
DA:81,1
DA:82,2
DA:84,1
DA:85,1
DA:89,2
DA:95,2
DA:96,2
DA:101,2
DA:102,1
LF:44
LH:44
end_of_record
SF:lib\src\states\root_state.dart
DA:6,1
DA:7,2
DA:8,2
DA:9,2
DA:13,1
DA:14,1
DA:15,1
DA:17,1
DA:19,1
DA:20,1
DA:22,2
DA:25,1
DA:26,1
DA:28,1
DA:29,2
DA:32,2
DA:39,1
DA:40,1
DA:42,1
DA:43,1
DA:44,2
DA:46,1
DA:47,2
DA:48,2
DA:50,1
DA:51,2
DA:52,2
DA:54,1
DA:55,2
DA:56,3
LF:30
LH:30
end_of_record
SF:lib\src\stubble_result.dart
DA:11,1
LF:1
LH:1
end_of_record
SF:lib\src\states\get_data_state.dart
DA:6,1
DA:7,2
DA:8,2
DA:9,2
DA:10,2
DA:14,1
DA:15,1
DA:17,1
DA:18,1
DA:24,1
DA:25,1
DA:28,1
DA:29,1
DA:30,1
DA:34,1
DA:37,1
DA:38,1
DA:39,1
DA:43,1
DA:44,1
DA:46,2
DA:51,1
DA:52,1
DA:53,1
DA:54,2
DA:56,1
DA:57,1
DA:58,1
DA:61,1
DA:62,1
DA:64,1
DA:73,1
DA:76,2
DA:79,1
LF:34
LH:34
end_of_record
SF:lib\src\states\get_if_condition_state.dart
DA:10,1
DA:11,2
DA:12,2
DA:13,2
DA:17,1
DA:18,1
DA:20,1
DA:21,1
DA:22,1
DA:25,1
DA:26,1
DA:27,1
DA:30,1
DA:33,1
DA:34,1
DA:35,1
DA:36,1
DA:37,1
DA:40,1
DA:41,1
DA:42,1
DA:43,1
DA:46,1
DA:47,1
DA:48,1
DA:49,1
DA:58,1
DA:59,1
DA:60,1
DA:61,2
DA:62,2
DA:63,2
DA:64,2
DA:65,2
DA:67,1
DA:69,1
DA:70,1
DA:72,1
DA:76,0
DA:77,0
DA:82,1
DA:83,3
DA:88,1
DA:89,2
DA:90,2
DA:92,1
DA:93,3
DA:99,0
DA:100,0
DA:103,0
DA:109,1
DA:110,1
DA:111,1
DA:112,3
DA:113,1
DA:114,3
DA:115,1
DA:116,3
DA:117,1
DA:118,3
DA:119,1
DA:120,3
DA:121,1
DA:122,3
LF:64
LH:59
end_of_record
SF:lib\src\states\open_bracket_state.dart
DA:4,1
DA:5,2
DA:6,2
DA:10,1
DA:11,1
DA:12,1
DA:15,1
DA:16,1
DA:17,2
DA:24,2
LF:10
LH:10
end_of_record
SF:lib\src\states\get_number_attribute.dart
DA:6,1
DA:7,2
DA:8,2
DA:12,1
DA:13,1
DA:15,1
DA:17,2
DA:18,1
DA:20,1
DA:23,2
DA:24,1
DA:25,4
DA:26,1
DA:27,1
DA:32,4
DA:33,2
DA:34,4
DA:36,1
DA:37,1
LF:19
LH:19
end_of_record
SF:lib\src\stubble_error.dart
DA:8,1
LF:1
LH:1
end_of_record
SF:lib\src\states\get_if_block_state.dart
DA:10,1
DA:11,2
DA:12,2
DA:13,2
DA:17,1
DA:18,1
DA:20,1
DA:21,1
DA:22,1
DA:24,3
DA:25,1
DA:27,1
DA:28,1
DA:29,1
DA:33,1
DA:34,1
DA:35,1
DA:39,1
DA:40,1
DA:41,1
DA:42,2
DA:44,1
DA:45,1
DA:46,1
DA:47,1
DA:53,1
DA:54,1
DA:55,1
DA:60,1
DA:61,2
DA:62,1
DA:65,0
DA:66,0
DA:69,0
DA:77,1
DA:80,2
DA:82,2
DA:85,2
DA:88,1
DA:89,1
DA:91,1
DA:97,1
LF:42
LH:39
end_of_record
SF:lib\src\states\get_helper_state.dart
DA:8,1
DA:9,2
DA:10,2
DA:11,2
DA:12,2
DA:16,1
DA:17,1
DA:18,1
DA:22,1
DA:23,1
DA:25,1
DA:26,1
DA:27,1
DA:29,1
DA:33,1
DA:34,1
DA:35,1
DA:41,1
DA:42,1
DA:43,1
DA:44,2
DA:46,1
DA:47,1
DA:48,1
DA:49,1
DA:55,1
DA:56,1
DA:58,1
DA:59,3
DA:61,1
DA:62,1
DA:63,1
DA:64,1
DA:78,1
DA:79,2
DA:80,1
DA:82,1
DA:84,2
DA:89,1
DA:92,2
DA:93,3
DA:96,4
DA:97,1
DA:99,1
DA:100,2
DA:101,3
LF:46
LH:46
end_of_record
SF:lib\src\stubble_machine.dart
DA:12,1
DA:13,1
DA:17,1
DA:18,2
DA:19,3
DA:20,1
DA:22,3
DA:23,2
DA:25,3
DA:26,2
DA:27,1
DA:29,3
DA:31,1
DA:32,1
DA:36,2
DA:37,2
DA:39,2
DA:42,3
DA:43,2
DA:47,2
DA:49,3
DA:50,0
DA:55,1
DA:59,1
DA:60,2
DA:62,1
DA:63,1
DA:66,1
DA:72,1
DA:73,1
DA:74,3
DA:77,2
DA:78,1
DA:81,1
DA:82,3
DA:85,1
DA:86,2
DA:89,1
DA:90,2
DA:91,3
DA:92,3
DA:94,7
DA:96,1
DA:98,1
DA:104,1
DA:105,2
LF:46
LH:45
end_of_record
